\BOOKMARK [1][-]{section.1}{\376\377\145\160\143\156\136\223\127\372\170\100}{}% 1
\BOOKMARK [1][-]{section.2}{\376\377\217\336\143\245\000M\000y\000S\000Q\000L}{}% 2
\BOOKMARK [1][-]{section.3}{\376\377\117\177\165\050\000M\000y\000S\000Q\000L}{}% 3
\BOOKMARK [2][-]{subsection.3.1}{\376\377\220\011\142\351\145\160\143\156\136\223}{section.3}% 4
\BOOKMARK [2][-]{subsection.3.2}{\376\377\134\125\171\072\145\160\143\156\124\214\210\150}{section.3}% 5
\BOOKMARK [1][-]{section.4}{\376\377\150\300\175\042\145\160\143\156}{}% 6
\BOOKMARK [2][-]{subsection.4.1}{\376\377\150\300\175\042\123\125\116\052\122\027}{section.4}% 7
\BOOKMARK [2][-]{subsection.4.2}{\376\377\150\300\175\042\131\032\116\052\122\027}{section.4}% 8
\BOOKMARK [2][-]{subsection.4.3}{\376\377\150\300\175\042\142\100\147\011\122\027}{section.4}% 9
\BOOKMARK [2][-]{subsection.4.4}{\376\377\150\300\175\042\116\015\124\014\166\204\210\114\377\010\000D\000I\000S\000T\000I\000N\000C\000T\377\011}{section.4}% 10
\BOOKMARK [2][-]{subsection.4.5}{\376\377\226\120\122\066\176\323\147\234\377\010\000L\000I\000M\000I\000T\377\011}{section.4}% 11
\BOOKMARK [2][-]{subsection.4.6}{\376\377\117\177\165\050\133\214\121\150\226\120\133\232\166\204\210\150\124\015}{section.4}% 12
\BOOKMARK [1][-]{section.5}{\376\377\143\222\136\217\145\160\143\156}{}% 13
\BOOKMARK [2][-]{subsection.5.1}{\376\377\146\156\220\032\143\222\136\217}{section.5}% 14
\BOOKMARK [2][-]{subsection.5.2}{\376\377\143\011\131\032\122\027\143\222\136\217}{section.5}% 15
\BOOKMARK [2][-]{subsection.5.3}{\376\377\143\007\133\232\143\222\136\217\145\271\124\021}{section.5}% 16
\BOOKMARK [1][-]{section.6}{\376\377\217\307\156\344\145\160\143\156}{}% 17
\BOOKMARK [2][-]{subsection.6.1}{\376\377\000W\000H\000E\000R\000E\000\040\133\120\123\345}{section.6}% 18
\BOOKMARK [2][-]{subsection.6.2}{\376\377\150\300\147\345\123\125\116\052\120\074}{section.6}% 19
\BOOKMARK [2][-]{subsection.6.3}{\376\377\116\015\123\071\221\115\150\300\147\345}{section.6}% 20
\BOOKMARK [2][-]{subsection.6.4}{\376\377\203\003\126\364\120\074\150\300\147\345}{section.6}% 21
\BOOKMARK [2][-]{subsection.6.5}{\376\377\172\172\120\074\150\300\147\345}{section.6}% 22
\BOOKMARK [1][-]{section.7}{\376\377\145\160\143\156\217\307\156\344}{}% 23
\BOOKMARK [2][-]{subsection.7.1}{\376\377\144\315\117\134\173\046}{section.7}% 24
\BOOKMARK [2][-]{subsection.7.2}{\376\377\000A\000N\000D\144\315\117\134\173\046}{section.7}% 25
\BOOKMARK [2][-]{subsection.7.3}{\376\377\000O\000R\144\315\117\134\173\046}{section.7}% 26
\BOOKMARK [2][-]{subsection.7.4}{\376\377\213\241\173\227\153\041\136\217}{section.7}% 27
\BOOKMARK [2][-]{subsection.7.5}{\376\377\000I\000N\144\315\117\134\173\046}{section.7}% 28
\BOOKMARK [2][-]{subsection.7.6}{\376\377\000N\000O\000T\144\315\117\134\173\046}{section.7}% 29
\BOOKMARK [1][-]{section.8}{\376\377\220\032\221\115\173\046}{}% 30
\BOOKMARK [2][-]{subsection.8.1}{\376\377\000L\000I\000K\000E\144\315\117\134\173\046}{section.8}% 31
\BOOKMARK [2][-]{subsection.8.2}{\376\377\166\176\122\006\123\367\377\010\000\045\377\011\220\032\221\115\173\046}{section.8}% 32
\BOOKMARK [2][-]{subsection.8.3}{\376\377\116\013\122\022\176\277\377\010\000\137\377\011\220\032\221\115\173\046}{section.8}% 33
\BOOKMARK [1][-]{section.9}{\376\377\153\143\122\031\210\150\217\276\137\017}{}% 34
\BOOKMARK [2][-]{subsection.9.1}{\376\377\127\372\147\054\133\127\173\046\123\071\221\115}{section.9}% 35
\BOOKMARK [2][-]{subsection.9.2}{\376\377\000O\000R\123\071\221\115}{section.9}% 36
\BOOKMARK [2][-]{subsection.9.3}{\376\377\123\071\221\115\121\340\116\052\133\127\173\046\116\113\116\000}{section.9}% 37
\BOOKMARK [2][-]{subsection.9.4}{\376\377\123\071\221\115\203\003\126\364}{section.9}% 38
\BOOKMARK [2][-]{subsection.9.5}{\376\377\123\071\221\115\162\171\153\212\133\127\173\046}{section.9}% 39
\BOOKMARK [2][-]{subsection.9.6}{\376\377\123\071\221\115\133\127\173\046\174\173}{section.9}% 40
\BOOKMARK [2][-]{subsection.9.7}{\376\377\123\071\221\115\131\032\116\052\133\236\117\213}{section.9}% 41
\BOOKMARK [2][-]{subsection.9.8}{\376\377\133\232\117\115\173\046}{section.9}% 42
\BOOKMARK [1][-]{section.10}{\376\377\122\033\136\372\213\241\173\227\133\127\153\265}{}% 43
\BOOKMARK [2][-]{subsection.10.1}{\376\377\213\241\173\227\133\127\153\265}{section.10}% 44
\BOOKMARK [2][-]{subsection.10.2}{\376\377\142\374\143\245\133\127\153\265}{section.10}% 45
\BOOKMARK [2][-]{subsection.10.3}{\376\377\142\147\210\114\173\227\147\057\213\241\173\227}{section.10}% 46
\BOOKMARK [1][-]{section.11}{\376\377\145\160\143\156\131\004\164\006\121\375\145\160}{}% 47
\BOOKMARK [2][-]{subsection.11.1}{\376\377\145\207\147\054\131\004\164\006\121\375\145\160}{section.11}% 48
\BOOKMARK [2][-]{subsection.11.2}{\376\377\145\345\147\037\124\214\145\366\225\364\131\004\164\006\121\375\145\160}{section.11}% 49
\BOOKMARK [2][-]{subsection.11.3}{\376\377\145\160\120\074\131\004\164\006\121\375\145\160}{section.11}% 50
\BOOKMARK [1][-]{section.12}{\376\377\154\107\140\073\145\160\143\156}{}% 51
\BOOKMARK [2][-]{subsection.12.1}{\376\377\200\132\226\306\121\375\145\160}{section.12}% 52
\BOOKMARK [2][-]{subsection.12.2}{\376\377\000A\000V\000G\000\050\000\051\121\375\145\160}{section.12}% 53
\BOOKMARK [2][-]{subsection.12.3}{\376\377\000C\000O\000U\000N\000T\000\050\000\051\121\375\145\160}{section.12}% 54
\BOOKMARK [2][-]{subsection.12.4}{\376\377\000M\000A\000X\000\050\000\051\121\375\145\160}{section.12}% 55
\BOOKMARK [2][-]{subsection.12.5}{\376\377\000M\000I\000N\000\050\000\051\121\375\145\160}{section.12}% 56
\BOOKMARK [2][-]{subsection.12.6}{\376\377\000S\000U\000M\000\050\000\051\121\375\145\160}{section.12}% 57
\BOOKMARK [2][-]{subsection.12.7}{\376\377\176\304\124\010\200\132\226\306\121\375\145\160}{section.12}% 58
\BOOKMARK [1][-]{section.13}{\376\377\122\006\176\304\145\160\143\156}{}% 59
\BOOKMARK [2][-]{subsection.13.1}{\376\377\122\033\136\372\122\006\176\304}{section.13}% 60
\BOOKMARK [2][-]{subsection.13.2}{\376\377\217\307\156\344\122\006\176\304}{section.13}% 61
\BOOKMARK [2][-]{subsection.13.3}{\376\377\122\006\176\304\124\214\143\222\136\217}{section.13}% 62
\BOOKMARK [2][-]{subsection.13.4}{\376\377\000S\000E\000L\000E\000C\000T\133\120\123\345\230\172\136\217}{section.13}% 63
\BOOKMARK [1][-]{section.14}{\376\377\117\177\165\050\133\120\147\345\213\342}{}% 64
\BOOKMARK [2][-]{subsection.14.1}{\376\377\122\051\165\050\133\120\147\345\213\342\217\333\210\114\217\307\156\344}{section.14}% 65
\BOOKMARK [2][-]{subsection.14.2}{\376\377\117\134\116\072\213\241\173\227\133\127\153\265\117\177\165\050\133\120\147\345\213\342}{section.14}% 66
\BOOKMARK [1][-]{section.15}{\376\377\200\124\176\323\210\150}{}% 67
\BOOKMARK [2][-]{subsection.15.1}{\376\377\200\124\176\323}{section.15}% 68
\BOOKMARK [2][-]{subsection.15.2}{\376\377\173\111\120\074\200\124\176\323\377\010\000e\000q\000u\000i\000j\000o\000i\000n\377\011}{section.15}% 69
\BOOKMARK [2][-]{subsection.15.3}{\376\377\121\205\220\350\200\124\176\323}{section.15}% 70
\BOOKMARK [2][-]{subsection.15.4}{\376\377\200\124\176\323\131\032\116\052\210\150}{section.15}% 71
\BOOKMARK [1][-]{section.16}{\376\377\122\033\136\372\232\330\176\247\200\124\176\323}{}% 72
\BOOKMARK [2][-]{subsection.16.1}{\376\377\117\177\165\050\210\150\122\053\124\015}{section.16}% 73
\BOOKMARK [2][-]{subsection.16.2}{\376\377\201\352\200\124\176\323}{section.16}% 74
\BOOKMARK [2][-]{subsection.16.3}{\376\377\201\352\161\066\200\124\176\323}{section.16}% 75
\BOOKMARK [2][-]{subsection.16.4}{\376\377\131\026\220\350\200\124\176\323}{section.16}% 76
\BOOKMARK [2][-]{subsection.16.5}{\376\377\117\177\165\050\136\046\200\132\226\306\121\375\145\160\166\204\200\124\176\323}{section.16}% 77
\BOOKMARK [1][-]{section.17}{\376\377\176\304\124\010\147\345\213\342}{}% 78
\BOOKMARK [2][-]{subsection.17.1}{\376\377\176\304\124\010\147\345\213\342}{section.17}% 79
\BOOKMARK [2][-]{subsection.17.2}{\376\377\117\177\165\050\000U\000N\000I\000O\000N}{section.17}% 80
\BOOKMARK [2][-]{subsection.17.3}{\376\377\123\005\124\053\142\026\123\326\155\210\221\315\131\015\166\204\210\114}{section.17}% 81
\BOOKMARK [2][-]{subsection.17.4}{\376\377\133\371\176\304\124\010\147\345\213\342\176\323\147\234\143\222\136\217}{section.17}% 82
\BOOKMARK [1][-]{section.18}{\376\377\121\150\145\207\147\054\144\034\175\042}{}% 83
\BOOKMARK [2][-]{subsection.18.1}{\376\377\124\057\165\050\121\150\145\207\147\054\144\034\175\042\145\057\143\001}{section.18}% 84
\BOOKMARK [2][-]{subsection.18.2}{\376\377\217\333\210\114\121\150\145\207\147\054\144\034\175\042}{section.18}% 85
\BOOKMARK [2][-]{subsection.18.3}{\376\377\117\177\165\050\147\345\213\342\142\151\134\125}{section.18}% 86
\BOOKMARK [2][-]{subsection.18.4}{\376\377\136\003\134\024\145\207\147\054\144\034\175\042}{section.18}% 87
\BOOKMARK [1][-]{section.19}{\376\377\143\322\121\145\145\160\143\156}{}% 88
\BOOKMARK [2][-]{subsection.19.1}{\376\377\143\322\121\145\133\214\145\164\166\204\210\114}{section.19}% 89
\BOOKMARK [2][-]{subsection.19.2}{\376\377\143\322\121\145\131\032\116\052\210\114}{section.19}% 90
\BOOKMARK [2][-]{subsection.19.3}{\376\377\143\322\121\145\150\300\175\042\121\372\166\204\145\160\143\156}{section.19}% 91
\BOOKMARK [1][-]{section.20}{\376\377\146\364\145\260\124\214\122\040\226\144\145\160\143\156}{}% 92
\BOOKMARK [2][-]{subsection.20.1}{\376\377\146\364\145\260\145\160\143\156}{section.20}% 93
\BOOKMARK [2][-]{subsection.20.2}{\376\377\122\040\226\144\145\160\143\156}{section.20}% 94
